<?xml version="1.0" encoding="UTF-8"?>
<!-- Generated by org.testng.reporters.JUnitReportReporter -->
<testsuite skipped="0" hostname="ADMIN" name="Training.Practice.Logoff" tests="1" failures="0" timestamp="2019-10-16T15:30:22 IST" time="7.514" errors="0">
  <testcase name="launchSite" time="7.514" classname="Training.Practice.Logoff"/>
</testsuite> <!-- Training.Practice.Logoff -->
