<?xml version="1.0" encoding="UTF-8"?>
<!-- Generated by org.testng.reporters.JUnitReportReporter -->
<testsuite skipped="0" hostname="ADMIN" name="Training.Practice.Login" tests="4" failures="0" timestamp="2019-10-16T15:30:22 IST" time="42.205" errors="0">
  <testcase name="loginPage" time="9.910" classname="Training.Practice.Login"/>
  <testcase name="loginPage" time="9.490" classname="Training.Practice.Login"/>
  <testcase name="loginPage" time="9.293" classname="Training.Practice.Login"/>
  <testcase name="loginPage" time="13.512" classname="Training.Practice.Login"/>
</testsuite> <!-- Training.Practice.Login -->
