<?xml version="1.0" encoding="UTF-8"?>
<!-- Generated by org.testng.reporters.JUnitReportReporter -->
<testsuite skipped="0" hostname="ADMIN" name="Training.Practice.Login" tests="4" failures="0" timestamp="2019-10-16T14:36:25 IST" time="43.763" errors="0">
  <testcase name="loginPage" time="9.376" classname="Training.Practice.Login"/>
  <testcase name="loginPage" time="16.254" classname="Training.Practice.Login"/>
  <testcase name="loginPage" time="9.046" classname="Training.Practice.Login"/>
  <testcase name="loginPage" time="9.087" classname="Training.Practice.Login"/>
</testsuite> <!-- Training.Practice.Login -->
